[2025-10-20 18:10:56,936] [PID 195] [MainThread] [dramatiq.MainProcess] [INFO] Dramatiq '1.16.0' is booting up.
[2025-10-20 18:10:56] - [DEBUG] - [dramatiq.WorkerProcess(0):396]  - Loading modules...
[2025-10-20 18:10:56] - [DEBUG] - [dramatiq.WorkerProcess(0):402]  - Sending forks to main process...
[2025-10-20 18:10:56] - [DEBUG] - [dramatiq.WorkerProcess(0):408]  - Starting worker threads...
[2025-10-20 18:10:56] - [DEBUG] - [dramatiq.worker._WorkerMiddleware:223]  - Adding consumer for queue 'default'.
[2025-10-20 18:10:56] - [DEBUG] - [dramatiq.worker.ConsumerThread(default):248]  - Running consumer thread...
[2025-10-20 18:10:56] - [DEBUG] - [dramatiq.worker._WorkerMiddleware:227]  - Adding consumer for delay queue 'default.DQ'.
[2025-10-20 18:10:56] - [DEBUG] - [dramatiq.worker.ConsumerThread(default.DQ):248]  - Running consumer thread...
[2025-10-20 18:10:56] - [DEBUG] - [dramatiq.worker.WorkerThread:449]  - Running worker thread...
[2025-10-20 18:10:56] - [DEBUG] - [dramatiq.worker.WorkerThread:449]  - Running worker thread...
[2025-10-20 18:10:56] - [DEBUG] - [dramatiq.worker.WorkerThread:449]  - Running worker thread...
[2025-10-20 18:10:56] - [DEBUG] - [dramatiq.worker.WorkerThread:449]  - Running worker thread...
[2025-10-20 18:10:56] - [DEBUG] - [dramatiq.worker.WorkerThread:449]  - Running worker thread...
[2025-10-20 18:10:56] - [INFO] - [dramatiq.WorkerProcess(0):423]  - Worker process is ready for action.
[2025-10-20 18:10:56] - [DEBUG] - [dramatiq.WorkerProcess(1):396]  - Loading modules...
[2025-10-20 18:10:56] - [DEBUG] - [dramatiq.WorkerProcess(1):408]  - Starting worker threads...
[2025-10-20 18:10:56] - [DEBUG] - [dramatiq.worker._WorkerMiddleware:223]  - Adding consumer for queue 'default'.
[2025-10-20 18:10:56] - [DEBUG] - [dramatiq.worker.ConsumerThread(default):248]  - Running consumer thread...
[2025-10-20 18:10:56] - [DEBUG] - [dramatiq.worker._WorkerMiddleware:227]  - Adding consumer for delay queue 'default.DQ'.
[2025-10-20 18:10:56] - [DEBUG] - [dramatiq.worker.ConsumerThread(default.DQ):248]  - Running consumer thread...
[2025-10-20 18:10:56] - [DEBUG] - [dramatiq.worker.WorkerThread:449]  - Running worker thread...
[2025-10-20 18:10:56] - [DEBUG] - [dramatiq.worker.WorkerThread:449]  - Running worker thread...
[2025-10-20 18:10:56] - [DEBUG] - [dramatiq.worker.WorkerThread:449]  - Running worker thread...
[2025-10-20 18:10:56] - [DEBUG] - [dramatiq.worker.WorkerThread:449]  - Running worker thread...
[2025-10-20 18:10:56] - [DEBUG] - [dramatiq.worker.WorkerThread:449]  - Running worker thread...
[2025-10-20 18:10:56] - [INFO] - [dramatiq.WorkerProcess(1):423]  - Worker process is ready for action.
[2025-10-20 18:10:56] - [DEBUG] - [dramatiq.WorkerProcess(2):396]  - Loading modules...
[2025-10-20 18:10:56] - [DEBUG] - [dramatiq.WorkerProcess(2):408]  - Starting worker threads...
[2025-10-20 18:10:56] - [DEBUG] - [dramatiq.worker._WorkerMiddleware:223]  - Adding consumer for queue 'default'.
[2025-10-20 18:10:56] - [DEBUG] - [dramatiq.worker.ConsumerThread(default):248]  - Running consumer thread...
[2025-10-20 18:10:56] - [DEBUG] - [dramatiq.worker._WorkerMiddleware:227]  - Adding consumer for delay queue 'default.DQ'.
[2025-10-20 18:10:56] - [DEBUG] - [dramatiq.worker.ConsumerThread(default.DQ):248]  - Running consumer thread...
[2025-10-20 18:10:56] - [DEBUG] - [dramatiq.worker.WorkerThread:449]  - Running worker thread...
[2025-10-20 18:10:56] - [DEBUG] - [dramatiq.worker.WorkerThread:449]  - Running worker thread...
[2025-10-20 18:10:56] - [DEBUG] - [dramatiq.worker.WorkerThread:449]  - Running worker thread...
[2025-10-20 18:10:56] - [DEBUG] - [dramatiq.worker.WorkerThread:449]  - Running worker thread...
[2025-10-20 18:10:56] - [DEBUG] - [dramatiq.worker.WorkerThread:449]  - Running worker thread...
[2025-10-20 18:10:56] - [INFO] - [dramatiq.WorkerProcess(2):423]  - Worker process is ready for action.
[2025-10-20 18:10:56] - [DEBUG] - [dramatiq.WorkerProcess(3):396]  - Loading modules...
[2025-10-20 18:10:56] - [DEBUG] - [dramatiq.WorkerProcess(3):408]  - Starting worker threads...
[2025-10-20 18:10:56] - [DEBUG] - [dramatiq.worker._WorkerMiddleware:223]  - Adding consumer for queue 'default'.
[2025-10-20 18:10:56] - [DEBUG] - [dramatiq.worker.ConsumerThread(default):248]  - Running consumer thread...
[2025-10-20 18:10:56] - [DEBUG] - [dramatiq.worker._WorkerMiddleware:227]  - Adding consumer for delay queue 'default.DQ'.
[2025-10-20 18:10:56] - [DEBUG] - [dramatiq.worker.ConsumerThread(default.DQ):248]  - Running consumer thread...
[2025-10-20 18:10:56] - [DEBUG] - [dramatiq.worker.WorkerThread:449]  - Running worker thread...
[2025-10-20 18:10:56] - [DEBUG] - [dramatiq.worker.WorkerThread:449]  - Running worker thread...
[2025-10-20 18:10:56] - [DEBUG] - [dramatiq.worker.WorkerThread:449]  - Running worker thread...
[2025-10-20 18:10:56] - [DEBUG] - [dramatiq.worker.WorkerThread:449]  - Running worker thread...
[2025-10-20 18:10:56] - [DEBUG] - [dramatiq.worker.WorkerThread:449]  - Running worker thread...
[2025-10-20 18:10:56] - [INFO] - [dramatiq.WorkerProcess(3):423]  - Worker process is ready for action.
[2025-10-20 18:10:56] - [DEBUG] - [dramatiq.WorkerProcess(4):396]  - Loading modules...
[2025-10-20 18:10:56] - [DEBUG] - [dramatiq.WorkerProcess(4):408]  - Starting worker threads...
[2025-10-20 18:10:56] - [DEBUG] - [dramatiq.worker._WorkerMiddleware:223]  - Adding consumer for queue 'default'.
[2025-10-20 18:10:56] - [DEBUG] - [dramatiq.worker.ConsumerThread(default):248]  - Running consumer thread...
[2025-10-20 18:10:56] - [DEBUG] - [dramatiq.worker._WorkerMiddleware:227]  - Adding consumer for delay queue 'default.DQ'.
[2025-10-20 18:10:56] - [DEBUG] - [dramatiq.worker.ConsumerThread(default.DQ):248]  - Running consumer thread...
[2025-10-20 18:10:56] - [DEBUG] - [dramatiq.worker.WorkerThread:449]  - Running worker thread...
[2025-10-20 18:10:56] - [DEBUG] - [dramatiq.worker.WorkerThread:449]  - Running worker thread...
[2025-10-20 18:10:56] - [DEBUG] - [dramatiq.worker.WorkerThread:449]  - Running worker thread...
[2025-10-20 18:10:56] - [DEBUG] - [dramatiq.worker.WorkerThread:449]  - Running worker thread...
[2025-10-20 18:10:56] - [DEBUG] - [dramatiq.worker.WorkerThread:449]  - Running worker thread...
[2025-10-20 18:10:56] - [INFO] - [dramatiq.WorkerProcess(4):423]  - Worker process is ready for action.
[2025-10-20 18:11:07] - [DEBUG] - [dramatiq.worker.ConsumerThread(default):326]  - Pushing message '0b09f239-8606-4d3e-b0ce-e753df76f2ab' onto work queue.
[2025-10-20 18:11:07] - [DEBUG] - [dramatiq.worker.WorkerThread:479]  - Received message judge_task('3ef0a1682b7813fd9cc3b63f07231600', 1) with id '0b09f239-8606-4d3e-b0ce-e753df76f2ab'.
[2025-10-20 18:11:07] - [DEBUG] - [dramatiq.worker.ConsumerThread(default):350]  - Acknowledging message '0b09f239-8606-4d3e-b0ce-e753df76f2ab'.
[2025-10-20 18:11:16] - [DEBUG] - [dramatiq.worker.ConsumerThread(default):326]  - Pushing message '4ba0c171-53d9-4092-bbf8-54b778ffa1f5' onto work queue.
[2025-10-20 18:11:16] - [DEBUG] - [dramatiq.worker.WorkerThread:479]  - Received message judge_task('f63b66b3a76bea1ed0ea6969c02f040d', 1) with id '4ba0c171-53d9-4092-bbf8-54b778ffa1f5'.
[2025-10-20 18:11:16] - [DEBUG] - [dramatiq.worker.ConsumerThread(default):350]  - Acknowledging message '4ba0c171-53d9-4092-bbf8-54b778ffa1f5'.
